<?xml version="1.0" encoding="UTF-8"?>
<!-- Generated by org.testng.reporters.JUnitReportReporter -->
<testsuite hostname="DESKTOP-R3IULL6" failures="0" tests="1" name="TestNGFramework.Framework.testing.AppTest" time="0.007" errors="0" timestamp="2020-11-07T21:47:35 CAT" skipped="0">
  <testcase classname="TestNGFramework.Framework.testing.AppTest" name="test" time="0.007"/>
  <system-out/>
</testsuite> <!-- TestNGFramework.Framework.testing.AppTest -->
