<?xml version="1.0" encoding="UTF-8"?>
<!-- Generated by org.testng.reporters.JUnitReportReporter -->
<testsuite hostname="DESKTOP-R3IULL6" failures="0" tests="2" name="TestNGFramework.Framework.testing.Base" time="0.002" errors="0" timestamp="07 Nov 2020 19:06:12 GMT" skipped="0">
  <testcase classname="TestNGFramework.Framework.testing.Base" name="f" time="0.001"/>
  <testcase classname="TestNGFramework.Framework.testing.Base" name="f" time="0.001"/>
</testsuite> <!-- TestNGFramework.Framework.testing.Base -->
