<?xml version="1.0" encoding="UTF-8"?>
<!-- Generated by org.testng.reporters.JUnitReportReporter -->
<testsuite hostname="DESKTOP-R3IULL6" failures="0" tests="1" name="TestNGFramework.Framework.testing.AppTest" time="0.023" errors="0" timestamp="07 Nov 2020 22:10:51 GMT" skipped="0">
  <testcase classname="TestNGFramework.Framework.testing.AppTest" name="test" time="0.023"/>
</testsuite> <!-- TestNGFramework.Framework.testing.AppTest -->
