<?xml version="1.0" encoding="UTF-8"?>
<!-- Generated by org.testng.reporters.JUnitReportReporter -->
<testsuite hostname="DESKTOP-R3IULL6" failures="0" tests="2" name="TestNGFramework.Framework.testing.AppTest" time="0.003" errors="0" timestamp="07 Nov 2020 19:06:45 GMT" skipped="0">
  <testcase classname="TestNGFramework.Framework.testing.AppTest" name="test" time="0.000"/>
  <testcase classname="TestNGFramework.Framework.testing.AppTest" name="test" time="0.003"/>
</testsuite> <!-- TestNGFramework.Framework.testing.AppTest -->
